<?xml version="1.0" encoding="UTF-8"?>
<!-- Generated by org.testng.reporters.JUnitXMLReporter -->
<testsuite ignored="0" hostname="ABHISHEK" failures="0" tests="4" name="Test" time="6.138" errors="0" timestamp="2023-04-05T10:33:52 IST">
  <testcase classname="test_class.post_Tc_1" name="orchestrator" time="3.426"/>
  <testcase classname="test_class.put_Tc_1" name="orchestrator" time="0.992"/>
  <testcase classname="test_class.get_Tc_1" name="orchestrator" time="0.575"/>
  <testcase classname="test_class.patch_Tc_1" name="orchestrator" time="1.001"/>
</testsuite> <!-- Test -->
