<?xml version="1.0" encoding="UTF-8"?>
<testng-results ignored="0" total="4" passed="4" failed="0" skipped="0">
  <reporter-output>
  </reporter-output>
  <suite started-at="2023-04-05T10:33:45 IST" name="Suite" finished-at="2023-04-05T10:33:52 IST" duration-ms="6138">
    <groups>
    </groups>
    <test started-at="2023-04-05T10:33:45 IST" name="Test" finished-at="2023-04-05T10:33:52 IST" duration-ms="6138">
      <class name="test_class.get_Tc_1">
        <test-method signature="orchestrator()[pri:0, instance:test_class.get_Tc_1@4397ad89]" started-at="2023-04-05T10:33:50 IST" name="orchestrator" finished-at="2023-04-05T10:33:51 IST" duration-ms="575" status="PASS">
          <reporter-output>
          </reporter-output>
        </test-method> <!-- orchestrator -->
      </class> <!-- test_class.get_Tc_1 -->
      <class name="test_class.put_Tc_1">
        <test-method signature="orchestrator()[pri:0, instance:test_class.put_Tc_1@341814d3]" started-at="2023-04-05T10:33:49 IST" name="orchestrator" finished-at="2023-04-05T10:33:50 IST" duration-ms="992" status="PASS">
          <reporter-output>
          </reporter-output>
        </test-method> <!-- orchestrator -->
      </class> <!-- test_class.put_Tc_1 -->
      <class name="test_class.patch_Tc_1">
        <test-method signature="orchestrator()[pri:0, instance:test_class.patch_Tc_1@59cba5a]" started-at="2023-04-05T10:33:51 IST" name="orchestrator" finished-at="2023-04-05T10:33:52 IST" duration-ms="1001" status="PASS">
          <reporter-output>
          </reporter-output>
        </test-method> <!-- orchestrator -->
      </class> <!-- test_class.patch_Tc_1 -->
      <class name="test_class.post_Tc_1">
        <test-method signature="orchestrator()[pri:0, instance:test_class.post_Tc_1@6d07a63d]" started-at="2023-04-05T10:33:45 IST" name="orchestrator" finished-at="2023-04-05T10:33:49 IST" duration-ms="3426" status="PASS">
          <reporter-output>
          </reporter-output>
        </test-method> <!-- orchestrator -->
      </class> <!-- test_class.post_Tc_1 -->
    </test> <!-- Test -->
  </suite> <!-- Suite -->
</testng-results>
